<?xml version="1.0" encoding="UTF-8"?>
<!-- Generated by org.testng.reporters.JUnitReportReporter -->
<testsuite skipped="0" hostname="DESKTOP-1IDVCG4" name="testrunner.TestRunner" tests="1" failures="0" timestamp="2022-04-28T20:55:41 IST" time="31.265" errors="0">
  <testcase name="runScenario" time="31.265" classname="testrunner.TestRunner"/>
  <system-out/>
</testsuite> <!-- testrunner.TestRunner -->
