<?xml version="1.0" encoding="UTF-8"?>
<!-- Generated by org.testng.reporters.JUnitReportReporter -->
<testsuite skipped="1" hostname="DESKTOP-1IDVCG4" name="testrunner.TestRunner" tests="1" failures="0" timestamp="27 Apr 2022 05:49:06 GMT" time="0.377" errors="0">
  <testcase name="runScenario" time="0.377" classname="testrunner.TestRunner">
    <skipped/>
  </testcase> <!-- runScenario -->
</testsuite> <!-- testrunner.TestRunner -->
